INFO:objex.OBJEX_OT_export.progress_report_print:   (  0.0001 sec |   0.0000 sec) Objex Export path: '/data2/Games/N64/Mods/triforce-dev/anim/linkcustomanim.objex'
INFO:objex.OBJEX_OT_export.progress_report_print:         (  0.0011 sec |   0.0002 sec) Finished writing geometry of 'Link'.
INFO:objex.OBJEX_OT_export.progress_report_print:         (  0.0216 sec |   0.0200 sec) Finished writing geometry of 'riggedmesh.000'.
INFO:objex.OBJEX_OT_export.progress_report_print:         (  0.0247 sec |   0.0026 sec) Finished writing geometry of 'Hat_Ragdoll_physic'.
INFO:objex.OBJEX_OT_export.progress_report_print:         (  0.0261 sec |   0.0007 sec) Finished writing geometry of 'TrackPoint'.
INFO:objex.OBJEX_OT_export.progress_report_print:     (  0.0269 sec |   0.0264 sec) Finished exporting geometry, now exporting materials
INFO:objex.OBJEX_OT_export.progress_report_print:     (  0.0272 sec |   0.0266 sec) Finished exporting materials, now exporting skeletons/animations
INFO:objex.ObjexWriter.write: now exporting skeletons
INFO:objex.ObjexWriter.write:  ... and animations
INFO:objex.ObjexWriter.write:  ... and Link animation binaries
INFO:objex.anim.order_bones: Skipping non-deform bone Hand.IK.L (intended for eg IK bones)
INFO:objex.anim.order_bones: Skipping non-deform bone Hand.pole.IK.L (intended for eg IK bones)
INFO:objex.anim.order_bones: Skipping non-deform bone Leg.IK.L (intended for eg IK bones)
INFO:objex.anim.order_bones: Skipping non-deform bone Leg.01.track.L.001 (intended for eg IK bones)
INFO:objex.anim.order_bones: Skipping non-deform bone Hand.IK.R (intended for eg IK bones)
INFO:objex.anim.order_bones: Skipping non-deform bone Hand.pole.IK.R (intended for eg IK bones)
INFO:objex.anim.order_bones: Skipping non-deform bone Leg.IK.R (intended for eg IK bones)
INFO:objex.anim.order_bones: Skipping non-deform bone Leg.01.track.R.001 (intended for eg IK bones)
INFO:objex.anim.order_bones: Skipping non-deform bone HeadIK (intended for eg IK bones)
INFO:objex.anim.order_bones: Skipping non-deform bone ROOT (intended for eg IK bones)
INFO:objex.anim.order_bones: Skipping non-deform bone Bone (intended for eg IK bones)
INFO:objex.anim.order_bones: Skipping non-deform bone Pelvis.track (intended for eg IK bones)
INFO:objex.anim.order_bones: Skipping non-deform bone LegConnect.R (intended for eg IK bones)
INFO:objex.anim.order_bones: Skipping non-deform bone Leg.01.R (intended for eg IK bones)
INFO:objex.anim.order_bones: Skipping non-deform bone Leg.02.R (intended for eg IK bones)
INFO:objex.anim.order_bones: Skipping non-deform bone Leg.03.R (intended for eg IK bones)
INFO:objex.anim.order_bones: Skipping non-deform bone Leg.03.track.R (intended for eg IK bones)
INFO:objex.anim.order_bones: Skipping non-deform bone Leg.02.track.R (intended for eg IK bones)
INFO:objex.anim.order_bones: Skipping non-deform bone Leg.01.track.R (intended for eg IK bones)
INFO:objex.anim.order_bones: Skipping non-deform bone LegConnect.L (intended for eg IK bones)
INFO:objex.anim.order_bones: Skipping non-deform bone Leg.01.L (intended for eg IK bones)
INFO:objex.anim.order_bones: Skipping non-deform bone Leg.02.L (intended for eg IK bones)
INFO:objex.anim.order_bones: Skipping non-deform bone Leg.03.L (intended for eg IK bones)
INFO:objex.anim.order_bones: Skipping non-deform bone Leg.03.track.L (intended for eg IK bones)
INFO:objex.anim.order_bones: Skipping non-deform bone Leg.02.track.L (intended for eg IK bones)
INFO:objex.anim.order_bones: Skipping non-deform bone Leg.01.track.L (intended for eg IK bones)
INFO:objex.anim.order_bones: Skipping non-deform bone Bone.001 (intended for eg IK bones)
INFO:objex.anim.order_bones: Skipping non-deform bone Bone.002 (intended for eg IK bones)
INFO:objex.anim.order_bones: Skipping non-deform bone Bone.003 (intended for eg IK bones)
INFO:objex.anim.order_bones: Skipping non-deform bone Hat.Track (intended for eg IK bones)
INFO:objex.anim.order_bones: Skipping non-deform bone Head.Track (intended for eg IK bones)
INFO:objex.anim.order_bones: Skipping non-deform bone Neck.Track (intended for eg IK bones)
INFO:objex.anim.order_bones: Skipping non-deform bone Bone.004 (intended for eg IK bones)
INFO:objex.anim.order_bones: Skipping non-deform bone Hand.01.L (intended for eg IK bones)
INFO:objex.anim.order_bones: Skipping non-deform bone Hand.01.track.L (intended for eg IK bones)
INFO:objex.anim.order_bones: Skipping non-deform bone Hand.02.L (intended for eg IK bones)
INFO:objex.anim.order_bones: Skipping non-deform bone Hand.03.L (intended for eg IK bones)
INFO:objex.anim.order_bones: Skipping non-deform bone Hand.03.track.L (intended for eg IK bones)
INFO:objex.anim.order_bones: Skipping non-deform bone Hand.02.track.L (intended for eg IK bones)
INFO:objex.anim.order_bones: Skipping non-deform bone Bone.005 (intended for eg IK bones)
INFO:objex.anim.order_bones: Skipping non-deform bone Hand.01.R (intended for eg IK bones)
INFO:objex.anim.order_bones: Skipping non-deform bone Hand.02.R (intended for eg IK bones)
INFO:objex.anim.order_bones: Skipping non-deform bone Hand.03.R (intended for eg IK bones)
INFO:objex.anim.order_bones: Skipping non-deform bone Hand.03.track.R (intended for eg IK bones)
INFO:objex.anim.order_bones: Skipping non-deform bone Hand.02.track.R (intended for eg IK bones)
INFO:objex.anim.order_bones: Skipping non-deform bone Hand.01.track.R (intended for eg IK bones)
INFO:objex.anim.order_bones: Skipping non-deform bone Bone.006 (intended for eg IK bones)
INFO:objex.anim.order_bones: Skipping non-deform bone Seath.Tracker (intended for eg IK bones)
INFO:objex.OBJEX_OT_export.progress_report_print:     (  0.6453 sec |   0.6448 sec) Objex Export Finished
